[26 Aug, 2025 - 12:28:36:2836] [31merror[39m: [31mLogin Error: 401[39m
[26 Aug, 2025 - 12:47:02:472] [31merror[39m: [31mLogin Error: 401[39m
[26 Aug, 2025 - 12:47:07:477] [31merror[39m: [31mLogin Error: 401[39m
[26 Aug, 2025 - 12:47:08:478] [31merror[39m: [31mLogin Error: 401[39m
[26 Aug, 2025 - 21:31:18:3118] [31merror[39m: [31mUpdate Employee Error: Employee validation failed: phoneNumber: Phone number must be 10 digits[39m
[27 Aug, 2025 - 09:18:31:1831] [31merror[39m: [31mLogin Error: 401[39m
[27 Aug, 2025 - 09:18:41:1841] [31merror[39m: [31mLogin Error: 401[39m
[27 Aug, 2025 - 22:23:49:2349] [31merror[39m: [31mLogin Error: 401[39m
[27 Aug, 2025 - 22:23:54:2354] [31merror[39m: [31mLogin Error: 401[39m
[27 Aug, 2025 - 22:24:03:243] [31merror[39m: [31mLogin Error: 401[39m
[27 Aug, 2025 - 22:24:08:248] [31merror[39m: [31mLogin Error: 401[39m
[27 Aug, 2025 - 22:24:10:2410] [31merror[39m: [31mLogin Error: 401[39m
[27 Aug, 2025 - 22:24:53:2453] [31merror[39m: [31mLogin Error: 401[39m
[27 Aug, 2025 - 22:25:03:253] [31merror[39m: [31mLogin Error: 401[39m
[27 Aug, 2025 - 22:25:59:2559] [31merror[39m: [31mLogin Error: 401[39m
[27 Aug, 2025 - 22:26:02:262] [31merror[39m: [31mLogin Error: 401[39m
[27 Aug, 2025 - 22:26:03:263] [31merror[39m: [31mLogin Error: 401[39m
[27 Aug, 2025 - 22:26:05:265] [31merror[39m: [31mLogin Error: 401[39m
[27 Aug, 2025 - 22:26:05:265] [31merror[39m: [31mLogin Error: 401[39m
[27 Aug, 2025 - 22:26:05:265] [31merror[39m: [31mLogin Error: 401[39m
[27 Aug, 2025 - 22:26:05:265] [31merror[39m: [31mLogin Error: 401[39m
[27 Aug, 2025 - 22:26:06:266] [31merror[39m: [31mLogin Error: 401[39m
[27 Aug, 2025 - 22:26:08:268] [31merror[39m: [31mLogin Error: 401[39m
[27 Aug, 2025 - 22:26:09:269] [31merror[39m: [31mLogin Error: 401[39m
[27 Aug, 2025 - 22:26:09:269] [31merror[39m: [31mLogin Error: 401[39m
[27 Aug, 2025 - 22:26:10:2610] [31merror[39m: [31mLogin Error: 401[39m
[27 Aug, 2025 - 22:26:10:2610] [31merror[39m: [31mLogin Error: 401[39m
[27 Aug, 2025 - 22:26:10:2610] [31merror[39m: [31mLogin Error: 401[39m
[27 Aug, 2025 - 22:26:12:2612] [31merror[39m: [31mLogin Error: 401[39m
[27 Aug, 2025 - 22:26:14:2614] [31merror[39m: [31mLogin Error: 401[39m
[27 Aug, 2025 - 22:26:14:2614] [31merror[39m: [31mLogin Error: 401[39m
[27 Aug, 2025 - 22:26:15:2615] [31merror[39m: [31mLogin Error: 401[39m
[27 Aug, 2025 - 22:26:15:2615] [31merror[39m: [31mLogin Error: 401[39m
[27 Aug, 2025 - 22:26:15:2615] [31merror[39m: [31mLogin Error: 401[39m
[27 Aug, 2025 - 22:26:16:2616] [31merror[39m: [31mLogin Error: 401[39m
[27 Aug, 2025 - 22:26:18:2618] [31merror[39m: [31mLogin Error: 401[39m
[27 Aug, 2025 - 22:26:18:2618] [31merror[39m: [31mLogin Error: 401[39m
[27 Aug, 2025 - 22:26:19:2619] [31merror[39m: [31mLogin Error: 401[39m
[27 Aug, 2025 - 22:26:19:2619] [31merror[39m: [31mLogin Error: 401[39m
[27 Aug, 2025 - 22:26:19:2619] [31merror[39m: [31mLogin Error: 401[39m
[27 Aug, 2025 - 22:26:21:2621] [31merror[39m: [31mLogin Error: 401[39m
[27 Aug, 2025 - 22:26:22:2622] [31merror[39m: [31mLogin Error: 401[39m
[27 Aug, 2025 - 22:26:23:2623] [31merror[39m: [31mLogin Error: 401[39m
[27 Aug, 2025 - 22:26:23:2623] [31merror[39m: [31mLogin Error: 401[39m
[27 Aug, 2025 - 22:26:23:2623] [31merror[39m: [31mLogin Error: 401[39m
[27 Aug, 2025 - 22:26:23:2623] [31merror[39m: [31mLogin Error: 401[39m
[27 Aug, 2025 - 22:26:25:2625] [31merror[39m: [31mLogin Error: 401[39m
[27 Aug, 2025 - 22:26:26:2626] [31merror[39m: [31mLogin Error: 401[39m
[27 Aug, 2025 - 22:26:27:2627] [31merror[39m: [31mLogin Error: 401[39m
[27 Aug, 2025 - 22:26:27:2627] [31merror[39m: [31mLogin Error: 401[39m
[27 Aug, 2025 - 22:26:27:2627] [31merror[39m: [31mLogin Error: 401[39m
[27 Aug, 2025 - 22:26:27:2627] [31merror[39m: [31mLogin Error: 401[39m
[27 Aug, 2025 - 22:26:28:2628] [31merror[39m: [31mLogin Error: 401[39m
[27 Aug, 2025 - 22:26:41:2641] [31merror[39m: [31mLogin Error: 401[39m
[27 Aug, 2025 - 22:28:38:2838] [31merror[39m: [31mLogin Error: 401[39m
[27 Aug, 2025 - 22:30:23:3023] [31merror[39m: [31mLogin Error: 401[39m
[27 Aug, 2025 - 22:30:38:3038] [31merror[39m: [31mLogin Error: 401[39m
[27 Aug, 2025 - 22:33:03:333] [31merror[39m: [31mRegister Error: Employee validation failed: phoneNumber: Phone number must be 10 digits[39m
[27 Aug, 2025 - 22:33:17:3317] [31merror[39m: [31mRegister Error: Employee validation failed: phoneNumber: Phone number must be 10 digits[39m
[15 Oct, 2025 - 21:35:38:3538] [31merror[39m: [31m🚨 All MongoDB connection attempts failed![39m
[15 Oct, 2025 - 21:35:48:3548] [31merror[39m: [31m🚨 All MongoDB connection attempts failed![39m
[15 Oct, 2025 - 21:36:30:3630] [31merror[39m: [31m🚨 All MongoDB connection attempts failed![39m
[24 Oct, 2025 - 00:22:13:2213] [31merror[39m: [31m🚨 All MongoDB connection attempts failed![39m
[24 Oct, 2025 - 00:27:15:2715] [31merror[39m: [31m🚨 All MongoDB connection attempts failed![39m
[24 Oct, 2025 - 00:27:32:2732] [31merror[39m: [31m🚨 All MongoDB connection attempts failed![39m
[24 Oct, 2025 - 00:29:22:2922] [31merror[39m: [31m🚨 All MongoDB connection attempts failed![39m
[24 Oct, 2025 - 00:29:22:2922] [31merror[39m: [31mPlease ensure MongoDB is running locally or check your Atlas connection.[39m
[24 Oct, 2025 - 00:29:27:2927] [31merror[39m: [31m🚨 All MongoDB connection attempts failed![39m
[24 Oct, 2025 - 00:29:27:2927] [31merror[39m: [31mPlease ensure MongoDB is running locally or check your Atlas connection.[39m
[24 Oct, 2025 - 00:30:08:308] [31merror[39m: [31m🚨 All MongoDB connection attempts failed![39m
[24 Oct, 2025 - 00:30:08:308] [31merror[39m: [31mPlease ensure MongoDB is running locally or check your Atlas connection.[39m
[24 Oct, 2025 - 00:30:16:3016] [31merror[39m: [31m🚨 All MongoDB connection attempts failed![39m
[24 Oct, 2025 - 00:30:16:3016] [31merror[39m: [31mPlease ensure MongoDB is running locally or check your Atlas connection.[39m
[24 Oct, 2025 - 00:31:09:319] [31merror[39m: [31m🚨 All MongoDB connection attempts failed![39m
[24 Oct, 2025 - 00:31:09:319] [31merror[39m: [31mPlease ensure MongoDB is running locally or check your Atlas connection.[39m
[24 Oct, 2025 - 00:31:15:3115] [31merror[39m: [31m🚨 All MongoDB connection attempts failed![39m
[24 Oct, 2025 - 00:31:15:3115] [31merror[39m: [31mPlease ensure MongoDB is running locally or check your Atlas connection.[39m
[24 Oct, 2025 - 00:31:59:3159] [31merror[39m: [31m🚨 All MongoDB connection attempts failed![39m
[24 Oct, 2025 - 00:31:59:3159] [31merror[39m: [31mPlease ensure MongoDB is running locally or check your Atlas connection.[39m
[24 Oct, 2025 - 00:32:07:327] [31merror[39m: [31m🚨 All MongoDB connection attempts failed![39m
[24 Oct, 2025 - 00:32:07:327] [31merror[39m: [31mPlease ensure MongoDB is running locally or check your Atlas connection.[39m
[22 Nov, 2025 - 11:18:33:1833] [31merror[39m: [31mTarget audit reminder job failed: write ECONNRESET[39m
[22 Nov, 2025 - 15:56:10:5610] [31merror[39m: [31mTarget audit reminder job failed: getaddrinfo ENOTFOUND cluster0-shard-00-01.knfen.mongodb.net[39m
[23 Nov, 2025 - 14:19:02:192] [31merror[39m: [31mTarget audit reminder job failed: getaddrinfo ENOTFOUND cluster0-shard-00-01.knfen.mongodb.net[39m
[23 Nov, 2025 - 14:19:12:1912] [31merror[39m: [31mTarget audit reminder job failed: Socket 'secureConnect' timed out after 6175ms (connectTimeoutMS: 5000)[39m
[23 Nov, 2025 - 14:19:22:1922] [31merror[39m: [31mTarget audit reminder job failed: Socket 'secureConnect' timed out after 8514ms (connectTimeoutMS: 5000)[39m
[23 Nov, 2025 - 14:19:32:1932] [31merror[39m: [31mTarget audit reminder job failed: Socket 'secureConnect' timed out after 8848ms (connectTimeoutMS: 5000)[39m
[23 Nov, 2025 - 14:19:42:1942] [31merror[39m: [31mTarget audit reminder job failed: Socket 'secureConnect' timed out after 9404ms (connectTimeoutMS: 5000)[39m
[23 Nov, 2025 - 14:19:52:1952] [31merror[39m: [31mTarget audit reminder job failed: connection <monitor> to 159.41.229.92:27017 timed out[39m
[23 Nov, 2025 - 14:20:02:202] [31merror[39m: [31mTarget audit reminder job failed: Socket 'secureConnect' timed out after 9404ms (connectTimeoutMS: 5000)[39m
[23 Nov, 2025 - 14:20:12:2012] [31merror[39m: [31mTarget audit reminder job failed: Socket 'secureConnect' timed out after 9371ms (connectTimeoutMS: 5000)[39m
[23 Nov, 2025 - 14:20:22:2022] [31merror[39m: [31mTarget audit reminder job failed: Socket 'secureConnect' timed out after 6498ms (connectTimeoutMS: 5000)[39m
[23 Nov, 2025 - 14:20:32:2032] [31merror[39m: [31mTarget audit reminder job failed: Socket 'secureConnect' timed out after 9443ms (connectTimeoutMS: 5000)[39m
[23 Nov, 2025 - 14:20:54:2054] [31merror[39m: [31mFailed to update lastReminderDate for 69209e22f21472b73a18f3fb: Socket 'secureConnect' timed out after 6730ms (connectTimeoutMS: 5000)[39m
[23 Nov, 2025 - 14:21:00:210] [31merror[39m: [31mFailed to send target audit reminder to jatinnagar563@gmail.com: Connection timeout[39m
[23 Nov, 2025 - 16:58:41:5841] [31merror[39m: [31mTarget audit reminder job failed: Socket 'secureConnect' timed out after 5007ms (connectTimeoutMS: 5000)[39m
[23 Nov, 2025 - 18:44:13:4413] [31merror[39m: [31mTarget audit reminder job failed: connection <monitor> to 159.41.229.92:27017 timed out[39m
[23 Nov, 2025 - 18:44:17:4417] [31merror[39m: [31mTarget audit reminder job failed: Socket 'secureConnect' timed out after 5012ms (connectTimeoutMS: 5000)[39m
[23 Nov, 2025 - 18:44:27:4427] [31merror[39m: [31mTarget audit reminder job failed: getaddrinfo ENOTFOUND cluster0-shard-00-01.knfen.mongodb.net[39m
[23 Nov, 2025 - 18:44:37:4437] [31merror[39m: [31mTarget audit reminder job failed: getaddrinfo ENOTFOUND cluster0-shard-00-01.knfen.mongodb.net[39m
[23 Nov, 2025 - 18:44:47:4447] [31merror[39m: [31mTarget audit reminder job failed: getaddrinfo ENOTFOUND cluster0-shard-00-01.knfen.mongodb.net[39m
[23 Nov, 2025 - 18:44:57:4457] [31merror[39m: [31mTarget audit reminder job failed: getaddrinfo ENOTFOUND cluster0-shard-00-01.knfen.mongodb.net[39m
[23 Nov, 2025 - 18:45:07:457] [31merror[39m: [31mTarget audit reminder job failed: getaddrinfo ENOTFOUND cluster0-shard-00-01.knfen.mongodb.net[39m
[23 Nov, 2025 - 18:45:17:4517] [31merror[39m: [31mTarget audit reminder job failed: getaddrinfo ENOTFOUND cluster0-shard-00-01.knfen.mongodb.net[39m
[23 Nov, 2025 - 18:45:45:4545] [31merror[39m: [31mTarget audit reminder job failed: getaddrinfo ENOTFOUND cluster0-shard-00-01.knfen.mongodb.net[39m
[23 Nov, 2025 - 18:47:57:4757] [31merror[39m: [31mTarget audit reminder job failed: connection <monitor> to 159.41.229.92:27017 timed out[39m
[23 Nov, 2025 - 18:48:07:487] [31merror[39m: [31mTarget audit reminder job failed: getaddrinfo ENOTFOUND cluster0-shard-00-01.knfen.mongodb.net[39m
[23 Nov, 2025 - 18:48:17:4817] [31merror[39m: [31mTarget audit reminder job failed: getaddrinfo ENOTFOUND cluster0-shard-00-01.knfen.mongodb.net[39m
[23 Nov, 2025 - 18:48:27:4827] [31merror[39m: [31mTarget audit reminder job failed: getaddrinfo ENOTFOUND cluster0-shard-00-01.knfen.mongodb.net[39m
[23 Nov, 2025 - 18:48:37:4837] [31merror[39m: [31mTarget audit reminder job failed: getaddrinfo ENOTFOUND cluster0-shard-00-01.knfen.mongodb.net[39m
[24 Nov, 2025 - 09:15:22:1522] [31merror[39m: [31mTarget audit reminder job failed: connection <monitor> to 159.41.229.92:27017 timed out[39m
[24 Nov, 2025 - 09:15:32:1532] [31merror[39m: [31mTarget audit reminder job failed: getaddrinfo ENOTFOUND cluster0-shard-00-01.knfen.mongodb.net[39m
[24 Nov, 2025 - 09:15:42:1542] [31merror[39m: [31mTarget audit reminder job failed: getaddrinfo ENOTFOUND cluster0-shard-00-01.knfen.mongodb.net[39m
[24 Nov, 2025 - 09:15:52:1552] [31merror[39m: [31mTarget audit reminder job failed: getaddrinfo ENOTFOUND cluster0-shard-00-01.knfen.mongodb.net[39m
[24 Nov, 2025 - 09:16:02:162] [31merror[39m: [31mTarget audit reminder job failed: getaddrinfo ENOTFOUND cluster0-shard-00-01.knfen.mongodb.net[39m
[24 Nov, 2025 - 09:16:12:1612] [31merror[39m: [31mTarget audit reminder job failed: getaddrinfo ENOTFOUND cluster0-shard-00-01.knfen.mongodb.net[39m
[24 Nov, 2025 - 12:47:21:4721] [31merror[39m: [31mTarget audit reminder job failed: connection <monitor> to 159.41.251.56:27017 timed out[39m
[24 Nov, 2025 - 14:34:47:3447] [31merror[39m: [31mTarget audit reminder job failed: write ECONNRESET[39m
[24 Nov, 2025 - 18:30:56:3056] [31merror[39m: [31mTarget audit reminder job failed: write ECONNRESET[39m
[24 Nov, 2025 - 23:20:47:2047] [31merror[39m: [31mTarget audit reminder job failed: read ECONNRESET[39m
[25 Nov, 2025 - 11:47:39:4739] [31merror[39m: [31mTarget audit reminder job failed: getaddrinfo ENOTFOUND cluster0-shard-00-01.knfen.mongodb.net[39m
[25 Nov, 2025 - 23:02:14:214] [31merror[39m: [31mTarget audit reminder job failed: getaddrinfo ENOTFOUND cluster0-shard-00-01.knfen.mongodb.net[39m
